{
  "stats": {
    "suites": 11,
    "tests": 22,
    "passes": 21,
    "pending": 0,
    "failures": 1,
    "start": "2021-10-07T22:41:08.695Z",
    "end": "2021-10-07T22:41:39.697Z",
    "duration": 31002,
    "testsRegistered": 22,
    "passPercent": 95.45454545454545,
    "pendingPercent": 0,
    "other": 0,
    "hasOther": false,
    "skipped": 0,
    "hasSkipped": false
  },
  "results": [
    {
      "uuid": "c650ec8b-3e39-46c1-87cd-fb11b083e8ef",
      "title": "",
      "fullFile": "cypress/integration/project.spec.js",
      "file": "cypress/integration/project.spec.js",
      "beforeHooks": [],
      "afterHooks": [],
      "tests": [],
      "suites": [
        {
          "uuid": "3bd6e272-9693-4874-a76a-20cc91631c2b",
          "title": "1 - Adicione uma cor de fundo específica para a página",
          "fullFile": "",
          "file": "",
          "beforeHooks": [],
          "afterHooks": [],
          "tests": [
            {
              "title": "Possuir cor de fundo: rgb(253, 251, 251)",
              "fullTitle": "1 - Adicione uma cor de fundo específica para a página Possuir cor de fundo: rgb(253, 251, 251)",
              "timedOut": null,
              "duration": 1688,
              "state": "passed",
              "speed": "slow",
              "pass": true,
              "fail": false,
              "pending": false,
              "context": null,
              "code": "cy.get('body').should('have.css', 'backgroundColor', 'rgb(253, 251, 251)');",
              "err": {},
              "uuid": "40bedaf8-0799-4f36-abca-13652b54a207",
              "parentUUID": "3bd6e272-9693-4874-a76a-20cc91631c2b",
              "isHook": false,
              "skipped": false
            }
          ],
          "suites": [],
          "passes": [
            "40bedaf8-0799-4f36-abca-13652b54a207"
          ],
          "failures": [],
          "pending": [],
          "skipped": [],
          "duration": 1688,
          "root": false,
          "rootEmpty": false,
          "_timeout": 2000
        },
        {
          "uuid": "25081f05-583b-4687-a452-c75ff57793ff",
          "title": "2 - Adicione uma barra superior com um título",
          "fullFile": "",
          "file": "",
          "beforeHooks": [],
          "afterHooks": [],
          "tests": [
            {
              "title": "A barra deve possuir o ID \"cabecalho\"",
              "fullTitle": "2 - Adicione uma barra superior com um título A barra deve possuir o ID \"cabecalho\"",
              "timedOut": null,
              "duration": 1438,
              "state": "passed",
              "speed": "slow",
              "pass": true,
              "fail": false,
              "pending": false,
              "context": null,
              "code": "(0, _ActionBase.shouldExist)('#cabecalho');",
              "err": {},
              "uuid": "a0c97b39-81fe-4920-940e-1c8fdd355ada",
              "parentUUID": "25081f05-583b-4687-a452-c75ff57793ff",
              "isHook": false,
              "skipped": false
            },
            {
              "title": "A barra superior deve ser fixa no topo da página, com a propriedade top tendo o valor `0`",
              "fullTitle": "2 - Adicione uma barra superior com um título A barra superior deve ser fixa no topo da página, com a propriedade top tendo o valor `0`",
              "timedOut": null,
              "duration": 918,
              "state": "passed",
              "speed": "slow",
              "pass": true,
              "fail": false,
              "pending": false,
              "context": null,
              "code": "cy.get('#cabecalho').should('have.css', 'position', 'fixed').should('have.css', 'top', '0px');",
              "err": {},
              "uuid": "31ac3fcf-1cc9-4b7d-a326-5fe616897665",
              "parentUUID": "25081f05-583b-4687-a452-c75ff57793ff",
              "isHook": false,
              "skipped": false
            },
            {
              "title": "O título deve estar dentro da barra e possuir o ID \"titulo\", além de ser uma tag \"h1\"",
              "fullTitle": "2 - Adicione uma barra superior com um título O título deve estar dentro da barra e possuir o ID \"titulo\", além de ser uma tag \"h1\"",
              "timedOut": null,
              "duration": 581,
              "state": "passed",
              "speed": "slow",
              "pass": true,
              "fail": false,
              "pending": false,
              "context": null,
              "code": "(0, _ActionBase.shouldExist)('#cabecalho h1#titulo');",
              "err": {},
              "uuid": "d9bea56e-986e-4f9a-84a8-c41ca4dce4ef",
              "parentUUID": "25081f05-583b-4687-a452-c75ff57793ff",
              "isHook": false,
              "skipped": false
            }
          ],
          "suites": [],
          "passes": [
            "a0c97b39-81fe-4920-940e-1c8fdd355ada",
            "31ac3fcf-1cc9-4b7d-a326-5fe616897665",
            "d9bea56e-986e-4f9a-84a8-c41ca4dce4ef"
          ],
          "failures": [],
          "pending": [],
          "skipped": [],
          "duration": 2937,
          "root": false,
          "rootEmpty": false,
          "_timeout": 2000
        },
        {
          "uuid": "03600eff-3444-4428-8ef4-150771ebe440",
          "title": "3 - Adicione uma foto sua à página",
          "fullFile": "",
          "file": "",
          "beforeHooks": [],
          "afterHooks": [],
          "tests": [
            {
              "title": "A foto deve ser inserida utilizando uma tag img com o ID \"minha_foto\"",
              "fullTitle": "3 - Adicione uma foto sua à página A foto deve ser inserida utilizando uma tag img com o ID \"minha_foto\"",
              "timedOut": null,
              "duration": 364,
              "state": "passed",
              "speed": "slow",
              "pass": true,
              "fail": false,
              "pending": false,
              "context": null,
              "code": "cy.get('img#minha_foto').should('have.attr', 'src');",
              "err": {},
              "uuid": "25eca9e5-e6fb-4ad5-9524-92fd51acb41a",
              "parentUUID": "03600eff-3444-4428-8ef4-150771ebe440",
              "isHook": false,
              "skipped": false
            }
          ],
          "suites": [],
          "passes": [
            "25eca9e5-e6fb-4ad5-9524-92fd51acb41a"
          ],
          "failures": [],
          "pending": [],
          "skipped": [],
          "duration": 364,
          "root": false,
          "rootEmpty": false,
          "_timeout": 2000
        },
        {
          "uuid": "e2adbe1b-64ac-4f4c-a9db-bc0f19746729",
          "title": "4 - Adicione uma lista de lições aprendidas à página",
          "fullFile": "",
          "file": "",
          "beforeHooks": [],
          "afterHooks": [],
          "tests": [
            {
              "title": "A lista deve ser numerada e possuir o ID \"licoes_aprendidas\"",
              "fullTitle": "4 - Adicione uma lista de lições aprendidas à página A lista deve ser numerada e possuir o ID \"licoes_aprendidas\"",
              "timedOut": null,
              "duration": 369,
              "state": "passed",
              "speed": "slow",
              "pass": true,
              "fail": false,
              "pending": false,
              "context": null,
              "code": "(0, _ActionBase.shouldExist)('ol#licoes_aprendidas');",
              "err": {},
              "uuid": "8de95a76-c499-420d-a47d-916c9472441a",
              "parentUUID": "e2adbe1b-64ac-4f4c-a9db-bc0f19746729",
              "isHook": false,
              "skipped": false
            },
            {
              "title": "A lista deve possuir 10 itens",
              "fullTitle": "4 - Adicione uma lista de lições aprendidas à página A lista deve possuir 10 itens",
              "timedOut": null,
              "duration": 390,
              "state": "passed",
              "speed": "slow",
              "pass": true,
              "fail": false,
              "pending": false,
              "context": null,
              "code": "cy.get('ol#licoes_aprendidas').find('li').should('have.length', 10);",
              "err": {},
              "uuid": "57cc7e76-ff96-4f96-bcc0-3bb67363369f",
              "parentUUID": "e2adbe1b-64ac-4f4c-a9db-bc0f19746729",
              "isHook": false,
              "skipped": false
            }
          ],
          "suites": [],
          "passes": [
            "8de95a76-c499-420d-a47d-916c9472441a",
            "57cc7e76-ff96-4f96-bcc0-3bb67363369f"
          ],
          "failures": [],
          "pending": [],
          "skipped": [],
          "duration": 759,
          "root": false,
          "rootEmpty": false,
          "_timeout": 2000
        },
        {
          "uuid": "ab0dc359-ea11-4d0e-83df-a62cd1c17a53",
          "title": "5 - Crie uma lista de lições que ainda deseja aprender para a página",
          "fullFile": "",
          "file": "",
          "beforeHooks": [],
          "afterHooks": [],
          "tests": [
            {
              "title": "A lista não deve ser numerada e deve possuir o ID \"licoes_a_aprender\"",
              "fullTitle": "5 - Crie uma lista de lições que ainda deseja aprender para a página A lista não deve ser numerada e deve possuir o ID \"licoes_a_aprender\"",
              "timedOut": null,
              "duration": 360,
              "state": "passed",
              "speed": "slow",
              "pass": true,
              "fail": false,
              "pending": false,
              "context": null,
              "code": "(0, _ActionBase.shouldExist)('ul#licoes_a_aprender');",
              "err": {},
              "uuid": "506283d7-5a5a-4e59-ba3b-c6afe83a81bd",
              "parentUUID": "ab0dc359-ea11-4d0e-83df-a62cd1c17a53",
              "isHook": false,
              "skipped": false
            },
            {
              "title": "A lista deve possuir 10 itens",
              "fullTitle": "5 - Crie uma lista de lições que ainda deseja aprender para a página A lista deve possuir 10 itens",
              "timedOut": null,
              "duration": 409,
              "state": "passed",
              "speed": "slow",
              "pass": true,
              "fail": false,
              "pending": false,
              "context": null,
              "code": "cy.get('ul#licoes_a_aprender').find('li').should('have.length', 10);",
              "err": {},
              "uuid": "0b1ef139-91d8-4a03-b5bf-5a96008ebe39",
              "parentUUID": "ab0dc359-ea11-4d0e-83df-a62cd1c17a53",
              "isHook": false,
              "skipped": false
            }
          ],
          "suites": [],
          "passes": [
            "506283d7-5a5a-4e59-ba3b-c6afe83a81bd",
            "0b1ef139-91d8-4a03-b5bf-5a96008ebe39"
          ],
          "failures": [],
          "pending": [],
          "skipped": [],
          "duration": 769,
          "root": false,
          "rootEmpty": false,
          "_timeout": 2000
        },
        {
          "uuid": "ffb8a31e-02ba-4132-bd86-8ecb3226a4b1",
          "title": "6 - Adicione um rodapé para a página",
          "fullFile": "",
          "file": "",
          "beforeHooks": [],
          "afterHooks": [],
          "tests": [
            {
              "title": "O rodapé deve possuir o ID \"rodape\"",
              "fullTitle": "6 - Adicione um rodapé para a página O rodapé deve possuir o ID \"rodape\"",
              "timedOut": null,
              "duration": 394,
              "state": "passed",
              "speed": "slow",
              "pass": true,
              "fail": false,
              "pending": false,
              "context": null,
              "code": "cy.get('footer#rodape').should('exist');",
              "err": {},
              "uuid": "c3df86d7-0839-4d5f-8af9-ca252f447c22",
              "parentUUID": "ffb8a31e-02ba-4132-bd86-8ecb3226a4b1",
              "isHook": false,
              "skipped": false
            }
          ],
          "suites": [],
          "passes": [
            "c3df86d7-0839-4d5f-8af9-ca252f447c22"
          ],
          "failures": [],
          "pending": [],
          "skipped": [],
          "duration": 394,
          "root": false,
          "rootEmpty": false,
          "_timeout": 2000
        },
        {
          "uuid": "0ac3f656-02f2-4209-9437-9dfc56cebc9c",
          "title": "7 - Insira pelo menos um link externo na página",
          "fullFile": "",
          "file": "",
          "beforeHooks": [],
          "afterHooks": [],
          "tests": [
            {
              "title": "A configuração desse link deve ser feita para abrir em uma nova aba do navegador",
              "fullTitle": "7 - Insira pelo menos um link externo na página A configuração desse link deve ser feita para abrir em uma nova aba do navegador",
              "timedOut": null,
              "duration": 766,
              "state": "passed",
              "speed": "slow",
              "pass": true,
              "fail": false,
              "pending": false,
              "context": null,
              "code": "cy.get('a').then(function (a) {\n  var actual = Array.from(a).some(function (element) {\n    return element.target === '_blank' && element.href !== '';\n  });\n  expect(actual).to.be[\"true\"];\n});",
              "err": {},
              "uuid": "678b072e-07ac-43d6-8848-48eb72f5e55d",
              "parentUUID": "0ac3f656-02f2-4209-9437-9dfc56cebc9c",
              "isHook": false,
              "skipped": false
            }
          ],
          "suites": [],
          "passes": [
            "678b072e-07ac-43d6-8848-48eb72f5e55d"
          ],
          "failures": [],
          "pending": [],
          "skipped": [],
          "duration": 766,
          "root": false,
          "rootEmpty": false,
          "_timeout": 2000
        },
        {
          "uuid": "e226631c-6f9a-44d9-bffe-151ecd24f648",
          "title": "8 - Crie um artigo sobre seu aprendizado",
          "fullFile": "",
          "file": "",
          "beforeHooks": [],
          "afterHooks": [],
          "tests": [
            {
              "title": "A `tag` `article` devem ser utilizadas",
              "fullTitle": "8 - Crie um artigo sobre seu aprendizado A `tag` `article` devem ser utilizadas",
              "timedOut": null,
              "duration": 638,
              "state": "passed",
              "speed": "slow",
              "pass": true,
              "fail": false,
              "pending": false,
              "context": null,
              "code": "(0, _ActionBase.shouldExist)('article');",
              "err": {},
              "uuid": "7d2d3a8a-229d-4c0c-8b7e-f95a5fac7190",
              "parentUUID": "e226631c-6f9a-44d9-bffe-151ecd24f648",
              "isHook": false,
              "skipped": false
            },
            {
              "title": "O artigo deve ter mais de 300 caracteres e menos de 600",
              "fullTitle": "8 - Crie um artigo sobre seu aprendizado O artigo deve ter mais de 300 caracteres e menos de 600",
              "timedOut": null,
              "duration": 593,
              "state": "passed",
              "speed": "slow",
              "pass": true,
              "fail": false,
              "pending": false,
              "context": null,
              "code": "cy.get('article').invoke('text').then(function (text) {\n  expect(text).to.have.length.of.at.most(600);\n  expect(text).to.have.length.of.at.above(300);\n});",
              "err": {},
              "uuid": "ac52612d-2e30-4235-8b4b-aa27bdaf3021",
              "parentUUID": "e226631c-6f9a-44d9-bffe-151ecd24f648",
              "isHook": false,
              "skipped": false
            }
          ],
          "suites": [],
          "passes": [
            "7d2d3a8a-229d-4c0c-8b7e-f95a5fac7190",
            "ac52612d-2e30-4235-8b4b-aa27bdaf3021"
          ],
          "failures": [],
          "pending": [],
          "skipped": [],
          "duration": 1231,
          "root": false,
          "rootEmpty": false,
          "_timeout": 2000
        },
        {
          "uuid": "d41972f9-77b5-42d5-8124-b06424cb0ede",
          "title": "9 - Crie uma seção que conta uma passagem sobre seu aprendizado",
          "fullFile": "",
          "file": "",
          "beforeHooks": [],
          "afterHooks": [],
          "tests": [
            {
              "title": "A `tag` `aside` deve ser utilizada",
              "fullTitle": "9 - Crie uma seção que conta uma passagem sobre seu aprendizado A `tag` `aside` deve ser utilizada",
              "timedOut": null,
              "duration": 608,
              "state": "passed",
              "speed": "slow",
              "pass": true,
              "fail": false,
              "pending": false,
              "context": null,
              "code": "(0, _ActionBase.shouldExist)('aside');",
              "err": {},
              "uuid": "863938b9-0f68-4165-99b0-382a64354c33",
              "parentUUID": "d41972f9-77b5-42d5-8124-b06424cb0ede",
              "isHook": false,
              "skipped": false
            },
            {
              "title": "A seção deve ter mais que 100 caracteres e menos que 300",
              "fullTitle": "9 - Crie uma seção que conta uma passagem sobre seu aprendizado A seção deve ter mais que 100 caracteres e menos que 300",
              "timedOut": null,
              "duration": 510,
              "state": "passed",
              "speed": "slow",
              "pass": true,
              "fail": false,
              "pending": false,
              "context": null,
              "code": "cy.get('aside').invoke('text').then(function (text) {\n  expect(text).to.have.length.of.at.above(100);\n  expect(text).to.have.length.of.at.most(300);\n});",
              "err": {},
              "uuid": "498d80bb-5ac1-4336-a1b0-50fa8e11cdfc",
              "parentUUID": "d41972f9-77b5-42d5-8124-b06424cb0ede",
              "isHook": false,
              "skipped": false
            }
          ],
          "suites": [],
          "passes": [
            "863938b9-0f68-4165-99b0-382a64354c33",
            "498d80bb-5ac1-4336-a1b0-50fa8e11cdfc"
          ],
          "failures": [],
          "pending": [],
          "skipped": [],
          "duration": 1118,
          "root": false,
          "rootEmpty": false,
          "_timeout": 2000
        },
        {
          "uuid": "49c2b820-21e7-4152-bc4b-7ff0e042218a",
          "title": "10 - Aplique elementos HTML de acordo com o sentido e propósito de cada um deles",
          "fullFile": "",
          "file": "",
          "beforeHooks": [],
          "afterHooks": [],
          "tests": [
            {
              "title": "Validar se a página possui um elemento \"article\"",
              "fullTitle": "10 - Aplique elementos HTML de acordo com o sentido e propósito de cada um deles Validar se a página possui um elemento \"article\"",
              "timedOut": null,
              "duration": 460,
              "state": "passed",
              "speed": "slow",
              "pass": true,
              "fail": false,
              "pending": false,
              "context": null,
              "code": "(0, _ActionBase.shouldExist)('article');",
              "err": {},
              "uuid": "80aab34a-d61e-4e39-b7d1-ebc2f6139d9e",
              "parentUUID": "49c2b820-21e7-4152-bc4b-7ff0e042218a",
              "isHook": false,
              "skipped": false
            },
            {
              "title": "Validar se a página possui um elemento \"header\"",
              "fullTitle": "10 - Aplique elementos HTML de acordo com o sentido e propósito de cada um deles Validar se a página possui um elemento \"header\"",
              "timedOut": null,
              "duration": 566,
              "state": "passed",
              "speed": "slow",
              "pass": true,
              "fail": false,
              "pending": false,
              "context": null,
              "code": "(0, _ActionBase.shouldExist)('header');",
              "err": {},
              "uuid": "312dc035-a38f-4960-b5b0-d4c042d39525",
              "parentUUID": "49c2b820-21e7-4152-bc4b-7ff0e042218a",
              "isHook": false,
              "skipped": false
            },
            {
              "title": "Validar se a página possui um elemento \"nav\"",
              "fullTitle": "10 - Aplique elementos HTML de acordo com o sentido e propósito de cada um deles Validar se a página possui um elemento \"nav\"",
              "timedOut": null,
              "duration": 476,
              "state": "passed",
              "speed": "slow",
              "pass": true,
              "fail": false,
              "pending": false,
              "context": null,
              "code": "(0, _ActionBase.shouldExist)('nav');",
              "err": {},
              "uuid": "536f397c-5bd5-4a8d-864e-5553841e2b97",
              "parentUUID": "49c2b820-21e7-4152-bc4b-7ff0e042218a",
              "isHook": false,
              "skipped": false
            },
            {
              "title": "Validar se a página possui um elemento \"section\"",
              "fullTitle": "10 - Aplique elementos HTML de acordo com o sentido e propósito de cada um deles Validar se a página possui um elemento \"section\"",
              "timedOut": null,
              "duration": 460,
              "state": "passed",
              "speed": "slow",
              "pass": true,
              "fail": false,
              "pending": false,
              "context": null,
              "code": "(0, _ActionBase.shouldExist)('section');",
              "err": {},
              "uuid": "d1ae1b19-2c23-469b-b822-8230bdfa5330",
              "parentUUID": "49c2b820-21e7-4152-bc4b-7ff0e042218a",
              "isHook": false,
              "skipped": false
            },
            {
              "title": "Validar se a página possui um elemento \"aside\"",
              "fullTitle": "10 - Aplique elementos HTML de acordo com o sentido e propósito de cada um deles Validar se a página possui um elemento \"aside\"",
              "timedOut": null,
              "duration": 674,
              "state": "passed",
              "speed": "slow",
              "pass": true,
              "fail": false,
              "pending": false,
              "context": null,
              "code": "(0, _ActionBase.shouldExist)('aside');",
              "err": {},
              "uuid": "f3a40ec3-d72f-444c-ae5b-5be8ef0827ba",
              "parentUUID": "49c2b820-21e7-4152-bc4b-7ff0e042218a",
              "isHook": false,
              "skipped": false
            },
            {
              "title": "Validar se a página possui um elemento \"footer\"",
              "fullTitle": "10 - Aplique elementos HTML de acordo com o sentido e propósito de cada um deles Validar se a página possui um elemento \"footer\"",
              "timedOut": null,
              "duration": 470,
              "state": "passed",
              "speed": "slow",
              "pass": true,
              "fail": false,
              "pending": false,
              "context": null,
              "code": "(0, _ActionBase.shouldExist)('footer');",
              "err": {},
              "uuid": "6af788b9-55d6-4377-84d3-2e4f630556f5",
              "parentUUID": "49c2b820-21e7-4152-bc4b-7ff0e042218a",
              "isHook": false,
              "skipped": false
            }
          ],
          "suites": [],
          "passes": [
            "80aab34a-d61e-4e39-b7d1-ebc2f6139d9e",
            "312dc035-a38f-4960-b5b0-d4c042d39525",
            "536f397c-5bd5-4a8d-864e-5553841e2b97",
            "d1ae1b19-2c23-469b-b822-8230bdfa5330",
            "f3a40ec3-d72f-444c-ae5b-5be8ef0827ba",
            "6af788b9-55d6-4377-84d3-2e4f630556f5"
          ],
          "failures": [],
          "pending": [],
          "skipped": [],
          "duration": 3106,
          "root": false,
          "rootEmpty": false,
          "_timeout": 2000
        },
        {
          "uuid": "45988f4a-85f5-40ce-a1ed-7e3511a11c50",
          "title": "11 - Teste a semântica da sua página está aprovada pelo site CodeSniffer",
          "fullFile": "",
          "file": "",
          "beforeHooks": [],
          "afterHooks": [],
          "tests": [
            {
              "title": "Seu site deve passar sem problemas na verificação de semântica do site CodeSniffer",
              "fullTitle": "11 - Teste a semântica da sua página está aprovada pelo site CodeSniffer Seu site deve passar sem problemas na verificação de semântica do site CodeSniffer",
              "timedOut": null,
              "duration": 11278,
              "state": "failed",
              "speed": null,
              "pass": false,
              "fail": true,
              "pending": false,
              "context": null,
              "code": "cy.readFile('./index.html').then(function (content) {\n  cy.visit('http://squizlabs.github.io/HTML_CodeSniffer/');\n  cy.get('#runHTMLCS').click();\n  cy.get('#source').invoke('val', content).trigger('input');\n  cy.get('#run-button').click();\n  cy.get('.result-count-errors').contains(/^0$/);\n});",
              "err": {
                "message": "CypressError: Timed out after waiting `10000ms` for your remote page to load.\n\nYour page did not fire its `load` event within `10000ms`.\n\nYou can try increasing the `pageLoadTimeout` value in `cypress.json` to wait longer.\n\nBrowsers will not fire the `load` event until all stylesheets and scripts are done downloading.\n\nWhen this `load` event occurs, Cypress will continue running commands.",
                "estack": "CypressError: Timed out after waiting `10000ms` for your remote page to load.\n\nYour page did not fire its `load` event within `10000ms`.\n\nYou can try increasing the `pageLoadTimeout` value in `cypress.json` to wait longer.\n\nBrowsers will not fire the `load` event until all stylesheets and scripts are done downloading.\n\nWhen this `load` event occurs, Cypress will continue running commands.\n    at timedOutWaitingForPageLoad (http://squizlabs.github.io/__cypress/runner/cypress_runner.js:156855:13)\n    at http://squizlabs.github.io/__cypress/runner/cypress_runner.js:157843:16\n    at tryCatcher (http://squizlabs.github.io/__cypress/runner/cypress_runner.js:10325:23)\n    at http://squizlabs.github.io/__cypress/runner/cypress_runner.js:5447:41\n    at tryCatcher (http://squizlabs.github.io/__cypress/runner/cypress_runner.js:10325:23)\n    at Promise._settlePromiseFromHandler (http://squizlabs.github.io/__cypress/runner/cypress_runner.js:8260:31)\n    at Promise._settlePromise (http://squizlabs.github.io/__cypress/runner/cypress_runner.js:8317:18)\n    at Promise._settlePromise0 (http://squizlabs.github.io/__cypress/runner/cypress_runner.js:8362:10)\n    at Promise._settlePromises (http://squizlabs.github.io/__cypress/runner/cypress_runner.js:8438:18)\n    at _drainQueueStep (http://squizlabs.github.io/__cypress/runner/cypress_runner.js:5032:12)\n    at _drainQueue (http://squizlabs.github.io/__cypress/runner/cypress_runner.js:5025:9)\n    at Async.../../node_modules/bluebird/js/release/async.js.Async._drainQueues (http://squizlabs.github.io/__cypress/runner/cypress_runner.js:5041:5)\n    at Async.drainQueues (http://squizlabs.github.io/__cypress/runner/cypress_runner.js:4911:14)\nFrom Your Spec Code:\n    at Context.eval (http://squizlabs.github.io/__cypress/tests?p=cypress/integration/project.spec.js:270:10)",
                "diff": null
              },
              "uuid": "283fcddc-5596-4617-b982-b5fa582afc20",
              "parentUUID": "45988f4a-85f5-40ce-a1ed-7e3511a11c50",
              "isHook": false,
              "skipped": false
            }
          ],
          "suites": [],
          "passes": [],
          "failures": [
            "283fcddc-5596-4617-b982-b5fa582afc20"
          ],
          "pending": [],
          "skipped": [],
          "duration": 11278,
          "root": false,
          "rootEmpty": false,
          "_timeout": 2000
        }
      ],
      "passes": [],
      "failures": [],
      "pending": [],
      "skipped": [],
      "duration": 0,
      "root": true,
      "rootEmpty": true,
      "_timeout": 2000
    }
  ],
  "meta": {
    "mocha": {
      "version": "7.0.1"
    },
    "mochawesome": {
      "options": {
        "quiet": false,
        "reportFilename": "mochawesome",
        "saveHtml": false,
        "saveJson": true,
        "consoleReporter": "spec",
        "useInlineDiffs": false
      },
      "version": "4.1.0"
    },
    "marge": {
      "options": {
        "id": "default",
        "reportDir": "cypress/reports",
        "overwrite": false,
        "html": false,
        "json": true
      },
      "version": "4.1.0"
    }
  }
}